{"D:\\Self projects\\Todo Application\\frontend\\src\\components\\AddTaskForm.tsx": {"path":"D:\\Self projects\\Todo Application\\frontend\\src\\components\\AddTaskForm.tsx","statementMap":{"0":{"start":{"line":7,"column":45},"end":{"line":87,"column":null}},"1":{"start":{"line":9,"column":24},"end":{"line":9,"column":null}},"2":{"start":{"line":10,"column":36},"end":{"line":10,"column":null}},"3":{"start":{"line":11,"column":28},"end":{"line":11,"column":null}},"4":{"start":{"line":13,"column":20},"end":{"line":25,"column":null}},"5":{"start":{"line":14,"column":4},"end":{"line":24,"column":null}},"6":{"start":{"line":15,"column":6},"end":{"line":15,"column":null}},"7":{"start":{"line":16,"column":6},"end":{"line":16,"column":null}},"8":{"start":{"line":18,"column":38},"end":{"line":21,"column":null}},"9":{"start":{"line":22,"column":6},"end":{"line":22,"column":null}},"10":{"start":{"line":23,"column":6},"end":{"line":23,"column":null}},"11":{"start":{"line":27,"column":20},"end":{"line":31,"column":null}},"12":{"start":{"line":28,"column":4},"end":{"line":28,"column":null}},"13":{"start":{"line":29,"column":4},"end":{"line":29,"column":null}},"14":{"start":{"line":30,"column":4},"end":{"line":30,"column":null}},"15":{"start":{"line":33,"column":2},"end":{"line":85,"column":null}},"16":{"start":{"line":46,"column":25},"end":{"line":46,"column":null}},"17":{"start":{"line":62,"column":25},"end":{"line":62,"column":null}}},"fnMap":{"0":{"name":"(anonymous_0)","decl":{"start":{"line":7,"column":45},"end":{"line":7,"column":46}},"loc":{"start":{"line":7,"column":75},"end":{"line":87,"column":null}},"line":7},"1":{"name":"(anonymous_1)","decl":{"start":{"line":13,"column":20},"end":{"line":13,"column":26}},"loc":{"start":{"line":13,"column":26},"end":{"line":25,"column":null}},"line":13},"2":{"name":"(anonymous_2)","decl":{"start":{"line":27,"column":20},"end":{"line":27,"column":26}},"loc":{"start":{"line":27,"column":26},"end":{"line":31,"column":null}},"line":27},"3":{"name":"(anonymous_3)","decl":{"start":{"line":46,"column":18},"end":{"line":46,"column":19}},"loc":{"start":{"line":46,"column":25},"end":{"line":46,"column":null}},"line":46},"4":{"name":"(anonymous_4)","decl":{"start":{"line":62,"column":18},"end":{"line":62,"column":19}},"loc":{"start":{"line":62,"column":25},"end":{"line":62,"column":null}},"line":62}},"branchMap":{"0":{"loc":{"start":{"line":14,"column":4},"end":{"line":24,"column":null}},"type":"if","locations":[{"start":{"line":14,"column":4},"end":{"line":24,"column":null}},{"start":{"line":17,"column":11},"end":{"line":24,"column":null}}],"line":14},"1":{"loc":{"start":{"line":47,"column":15},"end":{"line":47,"column":null}},"type":"binary-expr","locations":[{"start":{"line":47,"column":15},"end":{"line":47,"column":27}},{"start":{"line":47,"column":27},"end":{"line":47,"column":null}}],"line":47},"2":{"loc":{"start":{"line":48,"column":13},"end":{"line":50,"column":null}},"type":"binary-expr","locations":[{"start":{"line":48,"column":13},"end":{"line":48,"column":44}},{"start":{"line":48,"column":44},"end":{"line":50,"column":null}}],"line":48},"3":{"loc":{"start":{"line":48,"column":21},"end":{"line":48,"column":39}},"type":"binary-expr","locations":[{"start":{"line":48,"column":21},"end":{"line":48,"column":33}},{"start":{"line":48,"column":33},"end":{"line":48,"column":39}}],"line":48}},"s":{"0":1,"1":7,"2":7,"3":7,"4":7,"5":2,"6":1,"7":1,"8":1,"9":1,"10":1,"11":7,"12":1,"13":1,"14":1,"15":7,"16":1,"17":1},"f":{"0":7,"1":2,"2":1,"3":1,"4":1},"b":{"0":[1,1],"1":[7,1],"2":[7,1],"3":[7,1]},"meta":{"lastBranch":4,"lastFunction":5,"lastStatement":18,"seen":{"s:7:45:87:Infinity":0,"f:7:45:7:46":0,"s:9:24:9:Infinity":1,"s:10:36:10:Infinity":2,"s:11:28:11:Infinity":3,"s:13:20:25:Infinity":4,"f:13:20:13:26":1,"b:14:4:24:Infinity:17:11:24:Infinity":0,"s:14:4:24:Infinity":5,"s:15:6:15:Infinity":6,"s:16:6:16:Infinity":7,"s:18:38:21:Infinity":8,"s:22:6:22:Infinity":9,"s:23:6:23:Infinity":10,"s:27:20:31:Infinity":11,"f:27:20:27:26":2,"s:28:4:28:Infinity":12,"s:29:4:29:Infinity":13,"s:30:4:30:Infinity":14,"s:33:2:85:Infinity":15,"f:46:18:46:19":3,"s:46:25:46:Infinity":16,"b:47:15:47:27:47:27:47:Infinity":1,"b:48:13:48:44:48:44:50:Infinity":2,"b:48:21:48:33:48:33:48:39":3,"f:62:18:62:19":4,"s:62:25:62:Infinity":17}}}
,"D:\\Self projects\\Todo Application\\frontend\\src\\components\\TaskItem.tsx": {"path":"D:\\Self projects\\Todo Application\\frontend\\src\\components\\TaskItem.tsx","statementMap":{"0":{"start":{"line":5,"column":42},"end":{"line":59,"column":null}},"1":{"start":{"line":12,"column":2},"end":{"line":57,"column":null}},"2":{"start":{"line":50,"column":12},"end":{"line":50,"column":null}},"3":{"start":{"line":51,"column":12},"end":{"line":51,"column":null}}},"fnMap":{"0":{"name":"(anonymous_0)","decl":{"start":{"line":5,"column":42},"end":{"line":5,"column":43}},"loc":{"start":{"line":11,"column":6},"end":{"line":59,"column":null}},"line":11},"1":{"name":"(anonymous_1)","decl":{"start":{"line":49,"column":19},"end":{"line":49,"column":25}},"loc":{"start":{"line":49,"column":25},"end":{"line":52,"column":null}},"line":49}},"branchMap":{"0":{"loc":{"start":{"line":54,"column":11},"end":{"line":54,"column":null}},"type":"cond-expr","locations":[{"start":{"line":54,"column":18},"end":{"line":54,"column":27}},{"start":{"line":54,"column":27},"end":{"line":54,"column":null}}],"line":54}},"s":{"0":2,"1":4,"2":1,"3":1},"f":{"0":4,"1":1},"b":{"0":[1,3]},"meta":{"lastBranch":1,"lastFunction":2,"lastStatement":4,"seen":{"s:5:42:59:Infinity":0,"f:5:42:5:43":0,"s:12:2:57:Infinity":1,"f:49:19:49:25":1,"s:50:12:50:Infinity":2,"s:51:12:51:Infinity":3,"b:54:18:54:27:54:27:54:Infinity":0}}}
,"D:\\Self projects\\Todo Application\\frontend\\src\\components\\TaskList.tsx": {"path":"D:\\Self projects\\Todo Application\\frontend\\src\\components\\TaskList.tsx","statementMap":{"0":{"start":{"line":6,"column":42},"end":{"line":22,"column":null}},"1":{"start":{"line":7,"column":2},"end":{"line":20,"column":null}},"2":{"start":{"line":11,"column":10},"end":{"line":18,"column":null}}},"fnMap":{"0":{"name":"(anonymous_0)","decl":{"start":{"line":6,"column":42},"end":{"line":6,"column":43}},"loc":{"start":{"line":6,"column":77},"end":{"line":22,"column":null}},"line":6},"1":{"name":"(anonymous_1)","decl":{"start":{"line":10,"column":18},"end":{"line":10,"column":19}},"loc":{"start":{"line":11,"column":10},"end":{"line":18,"column":null}},"line":11}},"branchMap":{"0":{"loc":{"start":{"line":9,"column":7},"end":{"line":19,"column":null}},"type":"binary-expr","locations":[{"start":{"line":9,"column":7},"end":{"line":9,"column":null}},{"start":{"line":10,"column":8},"end":{"line":19,"column":null}}],"line":9}},"s":{"0":1,"1":2,"2":2},"f":{"0":2,"1":2},"b":{"0":[2,1]},"meta":{"lastBranch":1,"lastFunction":2,"lastStatement":3,"seen":{"s:6:42:22:Infinity":0,"f:6:42:6:43":0,"s:7:2:20:Infinity":1,"b:9:7:9:Infinity:10:8:19:Infinity":0,"f:10:18:10:19":1,"s:11:10:18:Infinity":2}}}
}
